<?xml version="1.0" encoding="UTF-8"?>
<coverage generated="1665557402644" clover="3.2.0">
  <project timestamp="1665557402644" name="All files">
    <metrics statements="42" coveredstatements="20" conditionals="18" coveredconditionals="5" methods="15" coveredmethods="6" elements="75" coveredelements="31" complexity="0" loc="42" ncloc="42" packages="1" files="1" classes="1"/>
    <file name="index.ts" path="/Users/huhui/code/toybox/packages/meta-abi/src/index.ts">
      <metrics statements="42" coveredstatements="20" conditionals="18" coveredconditionals="5" methods="15" coveredmethods="6"/>
      <line num="1" count="1" type="stmt"/>
      <line num="3" count="1" type="stmt"/>
      <line num="10" count="1" type="stmt"/>
      <line num="49" count="1" type="stmt"/>
      <line num="58" count="0" type="stmt"/>
      <line num="59" count="0" type="cond" truecount="0" falsecount="1"/>
      <line num="60" count="0" type="stmt"/>
      <line num="63" count="0" type="stmt"/>
      <line num="64" count="0" type="stmt"/>
      <line num="65" count="0" type="cond" truecount="0" falsecount="1"/>
      <line num="66" count="0" type="stmt"/>
      <line num="69" count="0" type="stmt"/>
      <line num="73" count="2" type="stmt"/>
      <line num="74" count="1" type="stmt"/>
      <line num="76" count="3" type="cond" truecount="3" falsecount="1"/>
      <line num="77" count="0" type="cond" truecount="0" falsecount="4"/>
      <line num="81" count="1" type="stmt"/>
      <line num="82" count="0" type="stmt"/>
      <line num="83" count="0" type="stmt"/>
      <line num="84" count="0" type="stmt"/>
      <line num="87" count="1" type="stmt"/>
      <line num="88" count="0" type="stmt"/>
      <line num="89" count="0" type="stmt"/>
      <line num="90" count="0" type="stmt"/>
      <line num="93" count="1" type="stmt"/>
      <line num="94" count="1" type="stmt"/>
      <line num="97" count="1" type="stmt"/>
      <line num="98" count="7" type="stmt"/>
      <line num="100" count="7" type="cond" truecount="1" falsecount="0"/>
      <line num="101" count="1" type="stmt"/>
      <line num="103" count="1" type="cond" truecount="0" falsecount="1"/>
      <line num="104" count="0" type="stmt"/>
      <line num="105" count="0" type="cond" truecount="0" falsecount="4"/>
      <line num="106" count="0" type="stmt"/>
      <line num="114" count="0" type="cond" truecount="0" falsecount="1"/>
      <line num="115" count="0" type="stmt"/>
      <line num="116" count="0" type="stmt"/>
      <line num="119" count="0" type="stmt"/>
      <line num="123" count="7" type="cond" truecount="1" falsecount="0"/>
      <line num="124" count="1" type="stmt"/>
      <line num="125" count="2" type="stmt"/>
      <line num="129" count="6" type="stmt"/>
    </file>
  </project>
</coverage>
