{
  "/Users/huhui/code/toybox/packages/meta-abi/src/index.ts": {
    "path": "/Users/huhui/code/toybox/packages/meta-abi/src/index.ts",
    "statementMap": {
      "0": {
        "start": { "line": 1, "column": 0 },
        "end": { "line": 1, "column": 64 }
      },
      "1": {
        "start": { "line": 3, "column": 0 },
        "end": { "line": 3, "column": 29 }
      },
      "2": {
        "start": { "line": 11, "column": 2 },
        "end": { "line": 44, "column": null }
      },
      "3": {
        "start": { "line": 46, "column": 19 },
        "end": { "line": 50, "column": null }
      },
      "4": {
        "start": { "line": 52, "column": 18 },
        "end": { "line": 52, "column": 31 }
      },
      "5": {
        "start": { "line": 53, "column": 20 },
        "end": { "line": 53, "column": 30 }
      },
      "6": {
        "start": { "line": 56, "column": 2 },
        "end": { "line": 56, "column": null }
      },
      "7": {
        "start": { "line": 60, "column": 17 },
        "end": { "line": 60, "column": 31 }
      },
      "8": {
        "start": { "line": 61, "column": 2 },
        "end": { "line": 63, "column": null }
      },
      "9": {
        "start": { "line": 62, "column": 4 },
        "end": { "line": 62, "column": null }
      },
      "10": {
        "start": { "line": 65, "column": 2 },
        "end": { "line": 70, "column": null }
      },
      "11": {
        "start": { "line": 66, "column": 16 },
        "end": { "line": 66, "column": 35 }
      },
      "12": {
        "start": { "line": 67, "column": 4 },
        "end": { "line": 69, "column": null }
      },
      "13": {
        "start": { "line": 68, "column": 6 },
        "end": { "line": 68, "column": null }
      },
      "14": {
        "start": { "line": 71, "column": 2 },
        "end": { "line": 71, "column": null }
      },
      "15": {
        "start": { "line": 75, "column": 40 },
        "end": { "line": 75, "column": null }
      },
      "16": {
        "start": { "line": 75, "column": 35 },
        "end": { "line": 75, "column": 40 }
      },
      "17": {
        "start": { "line": 76, "column": 2 },
        "end": { "line": 79, "column": null }
      },
      "18": {
        "start": { "line": 78, "column": 35 },
        "end": { "line": 78, "column": 56 }
      },
      "19": {
        "start": { "line": 79, "column": 38 },
        "end": { "line": 79, "column": 60 }
      },
      "20": {
        "start": { "line": 84, "column": 2 },
        "end": { "line": 86, "column": null }
      },
      "21": {
        "start": { "line": 85, "column": 22 },
        "end": { "line": 85, "column": 47 }
      },
      "22": {
        "start": { "line": 86, "column": 19 },
        "end": { "line": 86, "column": 36 }
      },
      "23": {
        "start": { "line": 83, "column": 0 },
        "end": { "line": 83, "column": 16 }
      },
      "24": {
        "start": { "line": 90, "column": 2 },
        "end": { "line": 92, "column": null }
      },
      "25": {
        "start": { "line": 91, "column": 22 },
        "end": { "line": 91, "column": 44 }
      },
      "26": {
        "start": { "line": 92, "column": 19 },
        "end": { "line": 92, "column": 36 }
      },
      "27": {
        "start": { "line": 89, "column": 0 },
        "end": { "line": 89, "column": 16 }
      },
      "28": {
        "start": { "line": 96, "column": 2 },
        "end": { "line": 96, "column": null }
      },
      "29": {
        "start": { "line": 96, "column": 39 },
        "end": { "line": 96, "column": 67 }
      },
      "30": {
        "start": { "line": 95, "column": 0 },
        "end": { "line": 95, "column": 16 }
      },
      "31": {
        "start": { "line": 100, "column": 15 },
        "end": { "line": 100, "column": 35 }
      },
      "32": {
        "start": { "line": 102, "column": 2 },
        "end": { "line": 135, "column": null }
      },
      "33": {
        "start": { "line": 104, "column": 4 },
        "end": { "line": 134, "column": null }
      },
      "34": {
        "start": { "line": 105, "column": 27 },
        "end": { "line": 107, "column": null }
      },
      "35": {
        "start": { "line": 109, "column": 25 },
        "end": { "line": 109, "column": 72 }
      },
      "36": {
        "start": { "line": 110, "column": 23 },
        "end": { "line": 110, "column": 63 }
      },
      "37": {
        "start": { "line": 111, "column": 15 },
        "end": { "line": 111, "column": 35 }
      },
      "38": {
        "start": { "line": 112, "column": 6 },
        "end": { "line": 119, "column": null }
      },
      "39": {
        "start": { "line": 113, "column": 8 },
        "end": { "line": 118, "column": null }
      },
      "40": {
        "start": { "line": 113, "column": 21 },
        "end": { "line": 113, "column": 22 }
      },
      "41": {
        "start": { "line": 114, "column": 10 },
        "end": { "line": 117, "column": null }
      },
      "42": {
        "start": { "line": 120, "column": 36 },
        "end": { "line": 125, "column": null }
      },
      "43": {
        "start": { "line": 126, "column": 6 },
        "end": { "line": 130, "column": null }
      },
      "44": {
        "start": { "line": 127, "column": 8 },
        "end": { "line": 129, "column": null }
      },
      "45": {
        "start": { "line": 128, "column": 10 },
        "end": { "line": 128, "column": null }
      },
      "46": {
        "start": { "line": 131, "column": 6 },
        "end": { "line": 131, "column": null }
      },
      "47": {
        "start": { "line": 133, "column": 6 },
        "end": { "line": 133, "column": null }
      },
      "48": {
        "start": { "line": 137, "column": 2 },
        "end": { "line": 141, "column": null }
      },
      "49": {
        "start": { "line": 138, "column": 4 },
        "end": { "line": 140, "column": null }
      },
      "50": {
        "start": { "line": 139, "column": 6 },
        "end": { "line": 139, "column": null }
      },
      "51": {
        "start": { "line": 143, "column": 2 },
        "end": { "line": 146, "column": null }
      },
      "52": {
        "start": { "line": 99, "column": 0 },
        "end": { "line": 99, "column": 16 }
      }
    },
    "fnMap": {
      "0": {
        "name": "isArrayType",
        "decl": {
          "start": { "line": 55, "column": 9 },
          "end": { "line": 55, "column": 20 }
        },
        "loc": {
          "start": { "line": 55, "column": 33 },
          "end": { "line": 57, "column": 1 }
        }
      },
      "1": {
        "name": "mapType",
        "decl": {
          "start": { "line": 59, "column": 9 },
          "end": { "line": 59, "column": 16 }
        },
        "loc": {
          "start": { "line": 59, "column": 29 },
          "end": { "line": 72, "column": 1 }
        }
      },
      "2": {
        "name": "mapAbiNode",
        "decl": {
          "start": { "line": 74, "column": 9 },
          "end": { "line": 74, "column": 19 }
        },
        "loc": {
          "start": { "line": 74, "column": 33 },
          "end": { "line": 81, "column": 1 }
        }
      },
      "3": {
        "name": "(anonymous_8)",
        "decl": {
          "start": { "line": 78, "column": 24 },
          "end": { "line": 78, "column": 25 }
        },
        "loc": {
          "start": { "line": 78, "column": 30 },
          "end": { "line": 78, "column": 48 }
        }
      },
      "4": {
        "name": "(anonymous_9)",
        "decl": {
          "start": { "line": 79, "column": 26 },
          "end": { "line": 79, "column": 27 }
        },
        "loc": {
          "start": { "line": 79, "column": 33 },
          "end": { "line": 79, "column": 51 }
        }
      },
      "5": {
        "name": "convertAbiFunctions",
        "decl": {
          "start": { "line": 83, "column": 16 },
          "end": { "line": 83, "column": 35 }
        },
        "loc": {
          "start": { "line": 83, "column": 50 },
          "end": { "line": 87, "column": 1 }
        }
      },
      "6": {
        "name": "(anonymous_11)",
        "decl": {
          "start": { "line": 85, "column": 12 },
          "end": { "line": 85, "column": 13 }
        },
        "loc": {
          "start": { "line": 85, "column": 17 },
          "end": { "line": 85, "column": 26 }
        }
      },
      "7": {
        "name": "(anonymous_12)",
        "decl": {
          "start": { "line": 86, "column": 9 },
          "end": { "line": 86, "column": 10 }
        },
        "loc": {
          "start": { "line": 86, "column": 14 },
          "end": { "line": 86, "column": 29 }
        }
      },
      "8": {
        "name": "convertAbiEvents",
        "decl": {
          "start": { "line": 89, "column": 16 },
          "end": { "line": 89, "column": 32 }
        },
        "loc": {
          "start": { "line": 89, "column": 47 },
          "end": { "line": 93, "column": 1 }
        }
      },
      "9": {
        "name": "(anonymous_14)",
        "decl": {
          "start": { "line": 91, "column": 12 },
          "end": { "line": 91, "column": 13 }
        },
        "loc": {
          "start": { "line": 91, "column": 17 },
          "end": { "line": 91, "column": 26 }
        }
      },
      "10": {
        "name": "(anonymous_15)",
        "decl": {
          "start": { "line": 92, "column": 9 },
          "end": { "line": 92, "column": 10 }
        },
        "loc": {
          "start": { "line": 92, "column": 14 },
          "end": { "line": 92, "column": 29 }
        }
      },
      "11": {
        "name": "convertAbiConstructor",
        "decl": {
          "start": { "line": 95, "column": 16 },
          "end": { "line": 95, "column": 37 }
        },
        "loc": {
          "start": { "line": 95, "column": 52 },
          "end": { "line": 97, "column": 1 }
        }
      },
      "12": {
        "name": "(anonymous_17)",
        "decl": {
          "start": { "line": 96, "column": 29 },
          "end": { "line": 96, "column": 30 }
        },
        "loc": {
          "start": { "line": 96, "column": 34 },
          "end": { "line": 96, "column": 43 }
        }
      },
      "13": {
        "name": "convertIOType",
        "decl": {
          "start": { "line": 99, "column": 16 },
          "end": { "line": 99, "column": 29 }
        },
        "loc": {
          "start": { "line": 99, "column": 57 },
          "end": { "line": 148, "column": 1 }
        }
      },
      "14": {
        "name": "(anonymous_19)",
        "decl": {
          "start": { "line": 127, "column": 33 },
          "end": { "line": 127, "column": 34 }
        },
        "loc": {
          "start": { "line": 127, "column": 43 },
          "end": { "line": 129, "column": 9 }
        }
      },
      "15": {
        "name": "(anonymous_20)",
        "decl": {
          "start": { "line": 138, "column": 29 },
          "end": { "line": 138, "column": 30 }
        },
        "loc": {
          "start": { "line": 138, "column": 39 },
          "end": { "line": 140, "column": 5 }
        }
      }
    },
    "branchMap": {
      "0": {
        "loc": {
          "start": { "line": 61, "column": 2 },
          "end": { "line": 63, "column": null }
        },
        "type": "if",
        "locations": [
          {
            "start": { "line": 61, "column": 2 },
            "end": { "line": 63, "column": null }
          }
        ]
      },
      "1": {
        "loc": {
          "start": { "line": 67, "column": 4 },
          "end": { "line": 69, "column": null }
        },
        "type": "if",
        "locations": [
          {
            "start": { "line": 67, "column": 4 },
            "end": { "line": 69, "column": null }
          }
        ]
      },
      "2": {
        "loc": {
          "start": { "line": 78, "column": 12 },
          "end": { "line": 78, "column": 56 }
        },
        "type": "cond-expr",
        "locations": [
          {
            "start": { "line": 78, "column": 18 },
            "end": { "line": 78, "column": 20 }
          },
          {
            "start": { "line": 78, "column": 12 },
            "end": { "line": 78, "column": 56 }
          }
        ]
      },
      "3": {
        "loc": {
          "start": { "line": 78, "column": 12 },
          "end": { "line": 78, "column": 20 }
        },
        "type": "binary-expr",
        "locations": [
          {
            "start": { "line": 78, "column": 12 },
            "end": { "line": 78, "column": 20 }
          },
          {
            "start": { "line": 78, "column": 12 },
            "end": { "line": 78, "column": 20 }
          }
        ]
      },
      "4": {
        "loc": {
          "start": { "line": 79, "column": 13 },
          "end": { "line": 79, "column": 60 }
        },
        "type": "cond-expr",
        "locations": [
          {
            "start": { "line": 79, "column": 20 },
            "end": { "line": 79, "column": 22 }
          },
          {
            "start": { "line": 79, "column": 13 },
            "end": { "line": 79, "column": 60 }
          }
        ]
      },
      "5": {
        "loc": {
          "start": { "line": 79, "column": 13 },
          "end": { "line": 79, "column": 22 }
        },
        "type": "binary-expr",
        "locations": [
          {
            "start": { "line": 79, "column": 13 },
            "end": { "line": 79, "column": 22 }
          },
          {
            "start": { "line": 79, "column": 13 },
            "end": { "line": 79, "column": 22 }
          }
        ]
      },
      "6": {
        "loc": {
          "start": { "line": 102, "column": 2 },
          "end": { "line": 135, "column": null }
        },
        "type": "if",
        "locations": [
          {
            "start": { "line": 102, "column": 2 },
            "end": { "line": 135, "column": null }
          }
        ]
      },
      "7": {
        "loc": {
          "start": { "line": 104, "column": 4 },
          "end": { "line": 134, "column": null }
        },
        "type": "if",
        "locations": [
          {
            "start": { "line": 104, "column": 4 },
            "end": { "line": 134, "column": null }
          },
          {
            "start": { "line": 132, "column": 11 },
            "end": { "line": 134, "column": null }
          }
        ]
      },
      "8": {
        "loc": {
          "start": { "line": 109, "column": 25 },
          "end": { "line": 109, "column": 72 }
        },
        "type": "cond-expr",
        "locations": [
          {
            "start": { "line": 109, "column": 47 },
            "end": { "line": 109, "column": 51 }
          },
          {
            "start": { "line": 109, "column": 51 },
            "end": { "line": 109, "column": 72 }
          }
        ]
      },
      "9": {
        "loc": {
          "start": { "line": 109, "column": 25 },
          "end": { "line": 109, "column": 51 }
        },
        "type": "binary-expr",
        "locations": [
          {
            "start": { "line": 109, "column": 25 },
            "end": { "line": 109, "column": 51 }
          },
          {
            "start": { "line": 109, "column": 47 },
            "end": { "line": 109, "column": 51 }
          }
        ]
      },
      "10": {
        "loc": {
          "start": { "line": 112, "column": 6 },
          "end": { "line": 119, "column": null }
        },
        "type": "if",
        "locations": [
          {
            "start": { "line": 112, "column": 6 },
            "end": { "line": 119, "column": null }
          }
        ]
      },
      "11": {
        "loc": {
          "start": { "line": 126, "column": 6 },
          "end": { "line": 130, "column": null }
        },
        "type": "if",
        "locations": [
          {
            "start": { "line": 126, "column": 6 },
            "end": { "line": 130, "column": null }
          }
        ]
      },
      "12": {
        "loc": {
          "start": { "line": 137, "column": 2 },
          "end": { "line": 141, "column": null }
        },
        "type": "if",
        "locations": [
          {
            "start": { "line": 137, "column": 2 },
            "end": { "line": 141, "column": null }
          }
        ]
      }
    },
    "s": {
      "0": 1,
      "1": 1,
      "2": 1,
      "3": 1,
      "4": 1,
      "5": 1,
      "6": 4,
      "7": 2,
      "8": 2,
      "9": 0,
      "10": 2,
      "11": 4,
      "12": 4,
      "13": 2,
      "14": 0,
      "15": 2,
      "16": 1,
      "17": 1,
      "18": 9,
      "19": 0,
      "20": 0,
      "21": 0,
      "22": 0,
      "23": 1,
      "24": 0,
      "25": 0,
      "26": 0,
      "27": 1,
      "28": 1,
      "29": 1,
      "30": 1,
      "31": 14,
      "32": 14,
      "33": 4,
      "34": 2,
      "35": 2,
      "36": 2,
      "37": 2,
      "38": 2,
      "39": 1,
      "40": 1,
      "41": 1,
      "42": 2,
      "43": 2,
      "44": 0,
      "45": 0,
      "46": 2,
      "47": 2,
      "48": 10,
      "49": 1,
      "50": 2,
      "51": 10,
      "52": 1
    },
    "f": {
      "0": 4,
      "1": 2,
      "2": 1,
      "3": 9,
      "4": 0,
      "5": 0,
      "6": 0,
      "7": 0,
      "8": 0,
      "9": 0,
      "10": 0,
      "11": 1,
      "12": 1,
      "13": 14,
      "14": 0,
      "15": 2
    },
    "b": {
      "0": [0],
      "1": [2],
      "2": [0, 1],
      "3": [1, 1],
      "4": [1, 0],
      "5": [1, 1],
      "6": [4],
      "7": [2, 2],
      "8": [2, 0],
      "9": [2, 2],
      "10": [1],
      "11": [0],
      "12": [1]
    }
  }
}
