TN:
SF:packages/meta-abi/src/index.ts
FN:57,mapType
FN:72,mapAbiNode
FN:76,(anonymous_5)
FN:77,(anonymous_6)
FN:81,convertAbiFunctions
FN:83,(anonymous_8)
FN:84,(anonymous_9)
FN:87,convertAbiEvents
FN:89,(anonymous_11)
FN:90,(anonymous_12)
FN:93,convertAbiConstructor
FN:94,(anonymous_14)
FN:97,convertType
FN:115,(anonymous_16)
FN:124,(anonymous_17)
FNF:15
FNH:6
FNDA:0,mapType
FNDA:1,mapAbiNode
FNDA:3,(anonymous_5)
FNDA:0,(anonymous_6)
FNDA:0,convertAbiFunctions
FNDA:0,(anonymous_8)
FNDA:0,(anonymous_9)
FNDA:0,convertAbiEvents
FNDA:0,(anonymous_11)
FNDA:0,(anonymous_12)
FNDA:1,convertAbiConstructor
FNDA:1,(anonymous_14)
FNDA:7,convertType
FNDA:0,(anonymous_16)
FNDA:2,(anonymous_17)
DA:1,1
DA:3,1
DA:10,1
DA:49,1
DA:58,0
DA:59,0
DA:60,0
DA:63,0
DA:64,0
DA:65,0
DA:66,0
DA:69,0
DA:73,2
DA:74,1
DA:76,3
DA:77,0
DA:81,1
DA:82,0
DA:83,0
DA:84,0
DA:87,1
DA:88,0
DA:89,0
DA:90,0
DA:93,1
DA:94,1
DA:97,1
DA:98,7
DA:100,7
DA:101,1
DA:103,1
DA:104,0
DA:105,0
DA:106,0
DA:114,0
DA:115,0
DA:116,0
DA:119,0
DA:123,7
DA:124,1
DA:125,2
DA:129,6
LF:42
LH:20
BRDA:59,0,0,0
BRDA:65,1,0,0
BRDA:76,2,0,0
BRDA:76,2,1,1
BRDA:76,3,0,1
BRDA:76,3,1,1
BRDA:77,4,0,0
BRDA:77,4,1,0
BRDA:77,5,0,0
BRDA:77,5,1,0
BRDA:100,6,0,1
BRDA:103,7,0,0
BRDA:105,8,0,0
BRDA:105,8,1,0
BRDA:105,9,0,0
BRDA:105,9,1,0
BRDA:114,10,0,0
BRDA:123,11,0,1
BRF:18
BRH:5
end_of_record
