TN:
SF:packages/meta-abi/src/index.ts
FN:55,isArrayType
FN:59,mapType
FN:74,mapAbiNode
FN:78,(anonymous_8)
FN:79,(anonymous_9)
FN:83,convertAbiFunctions
FN:85,(anonymous_11)
FN:86,(anonymous_12)
FN:89,convertAbiEvents
FN:91,(anonymous_14)
FN:92,(anonymous_15)
FN:95,convertAbiConstructor
FN:96,(anonymous_17)
FN:99,convertIOType
FN:127,(anonymous_19)
FN:138,(anonymous_20)
FNF:16
FNH:8
FNDA:4,isArrayType
FNDA:2,mapType
FNDA:1,mapAbiNode
FNDA:9,(anonymous_8)
FNDA:0,(anonymous_9)
FNDA:0,convertAbiFunctions
FNDA:0,(anonymous_11)
FNDA:0,(anonymous_12)
FNDA:0,convertAbiEvents
FNDA:0,(anonymous_14)
FNDA:0,(anonymous_15)
FNDA:1,convertAbiConstructor
FNDA:1,(anonymous_17)
FNDA:14,convertIOType
FNDA:0,(anonymous_19)
FNDA:2,(anonymous_20)
DA:1,1
DA:3,1
DA:11,1
DA:46,1
DA:52,1
DA:53,1
DA:56,4
DA:60,2
DA:61,2
DA:62,0
DA:65,2
DA:66,4
DA:67,4
DA:68,2
DA:71,0
DA:75,2
DA:76,1
DA:78,9
DA:79,0
DA:83,1
DA:84,0
DA:85,0
DA:86,0
DA:89,1
DA:90,0
DA:91,0
DA:92,0
DA:95,1
DA:96,1
DA:99,1
DA:100,14
DA:102,14
DA:104,4
DA:105,2
DA:109,2
DA:110,2
DA:111,2
DA:112,2
DA:113,1
DA:114,1
DA:120,2
DA:126,2
DA:127,0
DA:128,0
DA:131,2
DA:133,2
DA:137,10
DA:138,1
DA:139,2
DA:143,10
LF:50
LH:39
BRDA:61,0,0,0
BRDA:67,1,0,2
BRDA:78,2,0,0
BRDA:78,2,1,1
BRDA:78,3,0,1
BRDA:78,3,1,1
BRDA:79,4,0,1
BRDA:79,4,1,0
BRDA:79,5,0,1
BRDA:79,5,1,1
BRDA:102,6,0,4
BRDA:104,7,0,2
BRDA:104,7,1,2
BRDA:109,8,0,2
BRDA:109,8,1,0
BRDA:109,9,0,2
BRDA:109,9,1,2
BRDA:112,10,0,1
BRDA:126,11,0,0
BRDA:137,12,0,1
BRF:20
BRH:15
end_of_record
